[html.sthemeit.com/logistcwr-demo/index-five.html]
[backblue.gif]
[fade.gif]
[index.html]
[html.sthemeit.com/logistcwr-demo/assets/images/logo/fav-icon.png]
[html.sthemeit.com/logistcwr-demo/assets/css/bootstrap.min.css]
[html.sthemeit.com/logistcwr-demo/assets/css/owl.carousel.min.css]
[html.sthemeit.com/logistcwr-demo/assets/css/animate.css]
[html.sthemeit.com/logistcwr-demo/assets/css/nice-select.css]
[html.sthemeit.com/logistcwr-demo/assets/css/meanmenu.min.css]
[html.sthemeit.com/logistcwr-demo/assets/css/template-default.css]
[html.sthemeit.com/logistcwr-demo/assets/css/swiper-bundle.min.css]
[html.sthemeit.com/logistcwr-demo/assets/css/owl.theme.default.min.css]
[html.sthemeit.com/logistcwr-demo/assets/css/style.css]
[html.sthemeit.com/logistcwr-demo/assets/css/common.css]
[html.sthemeit.com/logistcwr-demo/venobox/venobox.css]
[html.sthemeit.com/logistcwr-demo/assets/css/responsive.css]
[cdn.jsdelivr.net/npm/bootstrap-icons@1.11.3/font/bootstrap-icons.min.css]
[html.sthemeit.com/logistcwr-demo/assets/js/vendor/modernizr-3.5.0.min.js]
[html.sthemeit.com/logistcwr-demo/assets/images/logo/ts_logo.png]
[html.sthemeit.com/logistcwr-demo/index.html]
[html.sthemeit.com/logistcwr-demo/index-two.html]
[html.sthemeit.com/logistcwr-demo/index-dark.html]
[html.sthemeit.com/logistcwr-demo/index-two-dark.html]
[html.sthemeit.com/logistcwr-demo/index-three.html]
[html.sthemeit.com/logistcwr-demo/index-four.html]
[html.sthemeit.com/logistcwr-demo/about-us.html]
[html.sthemeit.com/logistcwr-demo/about-us-dark.html]
[html.sthemeit.com/logistcwr-demo/service.html]
[html.sthemeit.com/logistcwr-demo/service-dark.html]
[html.sthemeit.com/logistcwr-demo/service-details.html]
[html.sthemeit.com/logistcwr-demo/team.html]
[html.sthemeit.com/logistcwr-demo/team-dark.html]
[html.sthemeit.com/logistcwr-demo/team-details.html]
[html.sthemeit.com/logistcwr-demo/project-grid.html]
[html.sthemeit.com/logistcwr-demo/project-grid-dark.html]
[html.sthemeit.com/logistcwr-demo/project-details.html]
[html.sthemeit.com/logistcwr-demo/faq.html]
[html.sthemeit.com/logistcwr-demo/faq-dark.html]
[html.sthemeit.com/logistcwr-demo/404.html]
[html.sthemeit.com/logistcwr-demo/404-dark.html]
[html.sthemeit.com/logistcwr-demo/blog-standard.html]
[html.sthemeit.com/logistcwr-demo/blog-standard-dark.html]
[html.sthemeit.com/logistcwr-demo/blog-details.html]
[html.sthemeit.com/logistcwr-demo/contact-us.html]
[html.sthemeit.com/logistcwr-demo/contact-us-dark.html]
[html.sthemeit.com/logistcwr-demo/assets/images/slider/slider-7.png]
[html.sthemeit.com/logistcwr-demo/assets/images/slider/img-7.png]
[html.sthemeit.com/logistcwr-demo/assets/images/about/about-5.png]
[html.sthemeit.com/logistcwr-demo/assets/images/about/about5.png]
[html.sthemeit.com/logistcwr-demo/assets/images/service/service-bg.jpg]
[html.sthemeit.com/logistcwr-demo/assets/images/service/s1.png]
[html.sthemeit.com/logistcwr-demo/assets/images/service/s2.png]
[html.sthemeit.com/logistcwr-demo/assets/images/service/s3.png]
[html.sthemeit.com/logistcwr-demo/assets/images/service/s4.png]
[html.sthemeit.com/logistcwr-demo/assets/images/service/s5.png]
[html.sthemeit.com/logistcwr-demo/assets/images/service/s6.png]
[html.sthemeit.com/logistcwr-demo/assets/images/project/1-.jpg]
[html.sthemeit.com/logistcwr-demo/assets/images/project/2-.jpg]
[html.sthemeit.com/logistcwr-demo/assets/images/project/3-.jpg]
[html.sthemeit.com/logistcwr-demo/assets/images/project/4-.jpg]
[html.sthemeit.com/logistcwr-demo/assets/images/project/5-.jpg]
[html.sthemeit.com/logistcwr-demo/assets/images/project/6-.jpg]
[html.sthemeit.com/logistcwr-demo/assets/images/touch/t-bg.png]
[html.sthemeit.com/logistcwr-demo/assets/images/touch/t1.jpg]
[html.sthemeit.com/logistcwr-demo/assets/images/experts/bg.png]
[html.sthemeit.com/logistcwr-demo/assets/images/experts/team-img2.jpg]
[html.sthemeit.com/logistcwr-demo/assets/images/experts/team-img1.jpg]
[html.sthemeit.com/logistcwr-demo/assets/images/experts/team-img3.jpg]
[html.sthemeit.com/logistcwr-demo/assets/images/experts/team-img4.jpg]
[html.sthemeit.com/logistcwr-demo/assets/images/experts/team-img5.jpg]
[html.sthemeit.com/logistcwr-demo/assets/images/experts/team-img6.jpg]
[html.sthemeit.com/logistcwr-demo/assets/images/faq/faq.jpg]
[html.sthemeit.com/logistcwr-demo/assets/images/blog/b1.jpg]
[html.sthemeit.com/logistcwr-demo/assets/images/blog/meta.png]
[html.sthemeit.com/logistcwr-demo/assets/images/blog/b2.jpg]
[html.sthemeit.com/logistcwr-demo/assets/images/blog/b3.jpg]
[html.sthemeit.com/logistcwr-demo/assets/images/footer/bg.jpg]
[html.sthemeit.com/logistcwr-demo/assets/js/vendor/jquery-3.6.2.min.js]
[html.sthemeit.com/logistcwr-demo/assets/js/bootstrap.min.js]
[html.sthemeit.com/logistcwr-demo/assets/js/nice-select.js]
[html.sthemeit.com/logistcwr-demo/assets/js/owl.carousel.min.js]
[html.sthemeit.com/logistcwr-demo/assets/js/jquery.counterup.min.js]
[html.sthemeit.com/logistcwr-demo/assets/js/waypoints.min.js]
[html.sthemeit.com/logistcwr-demo/assets/js/swiper-bundle.min.js]
[html.sthemeit.com/logistcwr-demo/assets/js/wow.min.js]
[html.sthemeit.com/logistcwr-demo/assets/js/jquery.meanmenu.js]
[html.sthemeit.com/logistcwr-demo/venobox/venobox.js]
[html.sthemeit.com/logistcwr-demo/venobox/venobox.min.js]
[html.sthemeit.com/logistcwr-demo/index-five.html]
[html.sthemeit.com/logistcwr-demo/assets/js/theme.js]
[html.sthemeit.com/logistcwr-demo/assets/css/bootstrap.min.css]
[html.sthemeit.com/logistcwr-demo/assets/css/owl.carousel.min.css]
[html.sthemeit.com/logistcwr-demo/assets/css/animate.css]
[html.sthemeit.com/logistcwr-demo/assets/css/nice-select.css]
[html.sthemeit.com/logistcwr-demo/assets/css/meanmenu.min.css]
[html.sthemeit.com/logistcwr-demo/assets/css/template-default.css]
[html.sthemeit.com/logistcwr-demo/assets/css/swiper-bundle.min.css]
[html.sthemeit.com/logistcwr-demo/assets/css/owl.theme.default.min.css]
[html.sthemeit.com/logistcwr-demo/assets/images/service/bg.png]
[html.sthemeit.com/logistcwr-demo/assets/css/style.css]
[html.sthemeit.com/logistcwr-demo/assets/css/common.css]
[html.sthemeit.com/logistcwr-demo/venobox/preload-circle.png]
[html.sthemeit.com/logistcwr-demo/venobox/close.gif]
[html.sthemeit.com/logistcwr-demo/venobox/prev.gif]
[html.sthemeit.com/logistcwr-demo/venobox/next.gif]
[html.sthemeit.com/logistcwr-demo/venobox/venobox.css]
[html.sthemeit.com/logistcwr-demo/assets/css/responsive.css]
[cdn.jsdelivr.net/npm/bootstrap-icons@1.11.3/font/fonts/bootstrap-icons0107.woff2]
[cdn.jsdelivr.net/npm/bootstrap-icons@1.11.3/font/fonts/bootstrap-icons0107.woff]
[cdn.jsdelivr.net/npm/bootstrap-icons@1.11.3/font/bootstrap-icons.min.css]
[html.sthemeit.com/logistcwr-demo/assets/images/slider/slider-1.jpg]
[html.sthemeit.com/logistcwr-demo/assets/images/slider/slider-2.jpg]
[html.sthemeit.com/logistcwr-demo/assets/images/feature/icon1.png]
[html.sthemeit.com/logistcwr-demo/assets/images/feature/icon2.png]
[html.sthemeit.com/logistcwr-demo/assets/images/feature/icon3.png]
[html.sthemeit.com/logistcwr-demo/assets/images/feature/icon4.png]
[html.sthemeit.com/logistcwr-demo/assets/images/about/about.jpg]
[html.sthemeit.com/logistcwr-demo/assets/images/about/icon1.png]
[html.sthemeit.com/logistcwr-demo/assets/images/service/service1.jpg]
[html.sthemeit.com/logistcwr-demo/assets/images/service/icon1.png]
[html.sthemeit.com/logistcwr-demo/assets/images/service/service2.jpg]
[html.sthemeit.com/logistcwr-demo/assets/images/service/icon2.png]
[html.sthemeit.com/logistcwr-demo/assets/images/service/service3.jpg]
[html.sthemeit.com/logistcwr-demo/assets/images/service/icon3.png]
[html.sthemeit.com/logistcwr-demo/assets/images/testimonial/t1.png]
[html.sthemeit.com/logistcwr-demo/assets/images/testimonial/t2.png]
[html.sthemeit.com/logistcwr-demo/assets/images/testimonial/t3.png]
[html.sthemeit.com/logistcwr-demo/assets/images/appointment/bg.jpg]
[html.sthemeit.com/logistcwr-demo/assets/images/appointment/shape.png]
[html.sthemeit.com/logistcwr-demo/assets/images/project/p1.jpg]
[html.sthemeit.com/logistcwr-demo/assets/images/project/p2.jpg]
[html.sthemeit.com/logistcwr-demo/assets/images/project/p3.jpg]
[html.sthemeit.com/logistcwr-demo/assets/images/project/p4.jpg]
[html.sthemeit.com/logistcwr-demo/assets/images/call-do-action/bg.jpg]
[html.sthemeit.com/logistcwr-demo/assets/images/call-do-action/call2.jpg]
[html.sthemeit.com/logistcwr-demo/assets/images/brand/b.png]
[html.sthemeit.com/logistcwr-demo/index.html]
[html.sthemeit.com/logistcwr-demo/assets/images/slider/slider-3.jpg]
[html.sthemeit.com/logistcwr-demo/assets/images/slider/slider-4.jpg]
[html.sthemeit.com/logistcwr-demo/assets/images/about/about2.png]
[html.sthemeit.com/logistcwr-demo/assets/images/service/service4.jpg]
[html.sthemeit.com/logistcwr-demo/assets/images/service/icon4.png]
[html.sthemeit.com/logistcwr-demo/assets/images/service/service5.jpg]
[html.sthemeit.com/logistcwr-demo/assets/images/service/icon5.png]
[html.sthemeit.com/logistcwr-demo/assets/images/service/service6.jpg]
[html.sthemeit.com/logistcwr-demo/assets/images/service/icon6.png]
[html.sthemeit.com/logistcwr-demo/assets/images/team/team.png]
[html.sthemeit.com/logistcwr-demo/assets/images/team/team2.png]
[html.sthemeit.com/logistcwr-demo/assets/images/team/team3.png]
[html.sthemeit.com/logistcwr-demo/assets/images/team/team4.png]
[html.sthemeit.com/logistcwr-demo/assets/images/appointment/shape2.png]
[html.sthemeit.com/logistcwr-demo/assets/images/blog/b4.jpg]
[html.sthemeit.com/logistcwr-demo/assets/images/blog/b5.jpg]
[html.sthemeit.com/logistcwr-demo/assets/images/blog/b6.jpg]
[html.sthemeit.com/logistcwr-demo/assets/images/call-do-action/call3.png]
[html.sthemeit.com/logistcwr-demo/assets/images/footer/bg2.jpg]
[html.sthemeit.com/logistcwr-demo/assets/images/footer/p1.png]
[html.sthemeit.com/logistcwr-demo/assets/images/footer/p2.png]
[html.sthemeit.com/logistcwr-demo/assets/images/footer/p3.png]
[html.sthemeit.com/logistcwr-demo/assets/images/footer/p4.png]
[html.sthemeit.com/logistcwr-demo/assets/images/footer/p5.png]
[html.sthemeit.com/logistcwr-demo/assets/images/footer/p6.png]
[html.sthemeit.com/logistcwr-demo/index-two.html]
[html.sthemeit.com/logistcwr-demo/index-dark.html]
[html.sthemeit.com/logistcwr-demo/assets/css/dark.css]
[html.sthemeit.com/logistcwr-demo/assets/images/call-do-action/call4.png]
[html.sthemeit.com/logistcwr-demo/index-two-dark.html]
[html.sthemeit.com/logistcwr-demo/assets/images/slider/slider-6.jpg]
[html.sthemeit.com/logistcwr-demo/assets/css/font-awesome-pro.css]
[html.sthemeit.com/logistcwr-demo/assets/images/about/img-area.png]
[html.sthemeit.com/logistcwr-demo/assets/images/service/1.png]
[html.sthemeit.com/logistcwr-demo/assets/images/service/2.png]
[html.sthemeit.com/logistcwr-demo/assets/images/service/3.png]
[html.sthemeit.com/logistcwr-demo/assets/images/service/4.png]
[html.sthemeit.com/logistcwr-demo/assets/images/service/5.png]
[html.sthemeit.com/logistcwr-demo/assets/images/project/port.png]
[html.sthemeit.com/logistcwr-demo/assets/images/project/port2.png]
[html.sthemeit.com/logistcwr-demo/assets/images/project/port3.png]
[html.sthemeit.com/logistcwr-demo/assets/images/project/port4.png]
[html.sthemeit.com/logistcwr-demo/assets/images/project/port5.png]
[html.sthemeit.com/logistcwr-demo/assets/images/why/bg.png]
[html.sthemeit.com/logistcwr-demo/assets/images/why/shape.png]
[html.sthemeit.com/logistcwr-demo/assets/images/trusted/care.png]
[html.sthemeit.com/logistcwr-demo/assets/images/trusted/box.png]
[html.sthemeit.com/logistcwr-demo/assets/images/trusted/home.png]
[html.sthemeit.com/logistcwr-demo/assets/images/trusted/world.png]
[html.sthemeit.com/logistcwr-demo/assets/images/trusted/user.png]
[html.sthemeit.com/logistcwr-demo/assets/images/work-process/bg.png]
[html.sthemeit.com/logistcwr-demo/assets/images/work-process/BG-1.png]
[html.sthemeit.com/logistcwr-demo/assets/images/work-process/BG-2.png]
[html.sthemeit.com/logistcwr-demo/assets/images/work-process/BG-3.png]
[html.sthemeit.com/logistcwr-demo/assets/images/work-process/BG-4.png]
[html.sthemeit.com/logistcwr-demo/assets/images/testimonial/MR.png]
[html.sthemeit.com/logistcwr-demo/assets/images/testimonial/icon-1.png]
[html.sthemeit.com/logistcwr-demo/assets/images/testimonial/AT.png]
[html.sthemeit.com/logistcwr-demo/assets/images/testimonial/OR.png]
[html.sthemeit.com/logistcwr-demo/assets/images/testimonial/HL.png]
[html.sthemeit.com/logistcwr-demo/index-three.html]
[html.sthemeit.com/logistcwr-demo/assets/images/air/Slider.jpg]
[html.sthemeit.com/logistcwr-demo/assets/images/air/Ellipse 1817.png]
[html.sthemeit.com/logistcwr-demo/assets/images/air/banner-im1.png]
[html.sthemeit.com/logistcwr-demo/assets/images/about/New Project.png]
[html.sthemeit.com/logistcwr-demo/assets/images/service/1.jpg]
[html.sthemeit.com/logistcwr-demo/assets/images/service/2.jpg]
[html.sthemeit.com/logistcwr-demo/assets/images/service/3.jpg]
[html.sthemeit.com/logistcwr-demo/assets/images/appointment/bg-2.jpg]
[html.sthemeit.com/logistcwr-demo/assets/images/project/1.jpg]
[html.sthemeit.com/logistcwr-demo/assets/images/project/2.jpg]
[html.sthemeit.com/logistcwr-demo/assets/images/project/3.jpg]
[html.sthemeit.com/logistcwr-demo/assets/images/project/4.jpg]
[html.sthemeit.com/logistcwr-demo/assets/images/call-do-action/bg-2.jpg]
[html.sthemeit.com/logistcwr-demo/assets/images/call-do-action/call5.jpg]
[html.sthemeit.com/logistcwr-demo/assets/images/blog/p1.jpg]
[html.sthemeit.com/logistcwr-demo/assets/images/blog/p2.jpg]
[html.sthemeit.com/logistcwr-demo/assets/images/blog/p3.jpg]
[html.sthemeit.com/logistcwr-demo/index-four.html]
[html.sthemeit.com/logistcwr-demo/assets/images/breadcumb/breadcumb.jpg]
[html.sthemeit.com/logistcwr-demo/about-us.html]
[html.sthemeit.com/logistcwr-demo/about-us-dark.html]
[html.sthemeit.com/logistcwr-demo/service.html]
[html.sthemeit.com/logistcwr-demo/service-dark.html]
[html.sthemeit.com/logistcwr-demo/assets/images/service/s.jpg]
[html.sthemeit.com/logistcwr-demo/assets/images/service/telephone.png]
[html.sthemeit.com/logistcwr-demo/assets/images/service/icon.png]
[html.sthemeit.com/logistcwr-demo/assets/images/service/service-details.jpg]
[html.sthemeit.com/logistcwr-demo/assets/images/service/thumb2.jpg]
[html.sthemeit.com/logistcwr-demo/service-details.html]
[html.sthemeit.com/logistcwr-demo/team.html]
[html.sthemeit.com/logistcwr-demo/team-dark.html]
[html.sthemeit.com/logistcwr-demo/assets/images/team/team-details.jpg]
[html.sthemeit.com/logistcwr-demo/team-details.html]
[html.sthemeit.com/logistcwr-demo/project-grid.html]
[html.sthemeit.com/logistcwr-demo/project-grid-dark.html]
[html.sthemeit.com/logistcwr-demo/assets/js/jquery.appear.js]
[html.sthemeit.com/logistcwr-demo/assets/images/project/project-details.jpg]
[html.sthemeit.com/logistcwr-demo/assets/images/project/project-details2.jpg]
[html.sthemeit.com/logistcwr-demo/project-details.html]
[html.sthemeit.com/logistcwr-demo/faq.html]
[html.sthemeit.com/logistcwr-demo/faq-dark.html]
[html.sthemeit.com/logistcwr-demo/assets/images/404/404.png]
[html.sthemeit.com/logistcwr-demo/404.html]
[html.sthemeit.com/logistcwr-demo/404-dark.html]
[html.sthemeit.com/logistcwr-demo/assets/images/blog/b7.jpg]
[html.sthemeit.com/logistcwr-demo/assets/images/blog/b8.jpg]
[html.sthemeit.com/logistcwr-demo/assets/images/blog/b9.jpg]
[html.sthemeit.com/logistcwr-demo/blog-standard.html]
[html.sthemeit.com/logistcwr-demo/blog-standard-dark.html]
[html.sthemeit.com/logistcwr-demo/assets/images/blog/blog-details-page.jpg]
[html.sthemeit.com/logistcwr-demo/assets/images/blog/blog-details3.jpg]
[html.sthemeit.com/logistcwr-demo/assets/images/blog/reply1.png]
[html.sthemeit.com/logistcwr-demo/assets/images/blog/reply2.png]
[html.sthemeit.com/logistcwr-demo/assets/images/blog/bs1.jpg]
[html.sthemeit.com/logistcwr-demo/assets/images/blog/bs2.jpg]
[html.sthemeit.com/logistcwr-demo/assets/images/blog/bs3.jpg]
[html.sthemeit.com/logistcwr-demo/assets/images/blog/query.jpg]
[html.sthemeit.com/logistcwr-demo/blog-details.html]
[html.sthemeit.com/logistcwr-demo/contact-us.html]
[html.sthemeit.com/logistcwr-demo/contact-us-dark.html]
[html.sthemeit.com/logistcwr-demo/assets/css/owl.video.play.html]
[html.sthemeit.com/logistcwr-demo/assets/css/dark.css]
[html.sthemeit.com/logistcwr-demo/assets/fonts/fa-brands-400.woff2]
[html.sthemeit.com/logistcwr-demo/assets/fonts/fa-brands-400.ttf]
[html.sthemeit.com/logistcwr-demo/assets/fonts/fa-light-300.woff2]
[html.sthemeit.com/logistcwr-demo/assets/fonts/fa-regular-400.woff2]
[html.sthemeit.com/logistcwr-demo/assets/fonts/fa-light-300.ttf]
[html.sthemeit.com/logistcwr-demo/assets/fonts/fa-solid-900.woff2]
[html.sthemeit.com/logistcwr-demo/assets/fonts/fa-thin-100.woff2]
[html.sthemeit.com/logistcwr-demo/assets/fonts/fa-regular-400.ttf]
[html.sthemeit.com/logistcwr-demo/assets/fonts/fa-solid-900.ttf]
[html.sthemeit.com/logistcwr-demo/assets/fonts/fa-v4compatibility.woff2]
[html.sthemeit.com/logistcwr-demo/assets/fonts/fa-v4compatibility.ttf]
[html.sthemeit.com/logistcwr-demo/assets/css/font-awesome-pro.css]
[html.sthemeit.com/logistcwr-demo/assets/fonts/fa-duotone-900.html]
[html.sthemeit.com/logistcwr-demo/assets/fonts/fa-duotone-901.html]
[html.sthemeit.com/logistcwr-demo/assets/fonts/fa-thin-100.ttf]
